build/outputs/logs/manifest-merger-playstore-release-report.txt
-- Merging decision tree log ---
manifest
ADDED from src\main\AndroidManifest.xml:2:1-196:12
	xmlns:tools
		ADDED from src\main\AndroidManifest.xml:5:5-51
		ADDED from src\main\AndroidManifest.xml:5:5-51
	xmlns:android
		ADDED from src\main\AndroidManifest.xml:4:5-63
	package
		ADDED from src\main\AndroidManifest.xml:3:5-28
		INJECTED from src\main\AndroidManifest.xml
		INJECTED from src\playstore\AndroidManifest.xml
	android:versionName
		INJECTED from src\main\AndroidManifest.xml
		ADDED from src\main\AndroidManifest.xml:2:1-196:12
		INJECTED from src\playstore\AndroidManifest.xml
	android:versionCode
		INJECTED from src\main\AndroidManifest.xml
		ADDED from src\main\AndroidManifest.xml:2:1-196:12
		INJECTED from src\playstore\AndroidManifest.xml
uses-permission#android.permission.WRITE_EXTERNAL_STORAGE
ADDED from src\main\AndroidManifest.xml:7:5-80
	android:name
		ADDED from src\main\AndroidManifest.xml:7:22-78
uses-permission#android.permission.READ_EXTERNAL_STORAGE
ADDED from src\main\AndroidManifest.xml:8:5-79
	android:name
		ADDED from src\main\AndroidManifest.xml:8:22-77
uses-permission#android.permission.READ_CONTACTS
ADDED from src\main\AndroidManifest.xml:9:5-71
	android:name
		ADDED from src\main\AndroidManifest.xml:9:22-69
uses-permission#android.permission.READ_PROFILE
ADDED from src\main\AndroidManifest.xml:10:5-70
	android:name
		ADDED from src\main\AndroidManifest.xml:10:22-68
uses-permission#android.permission.INTERNET
ADDED from src\main\AndroidManifest.xml:11:5-66
MERGED from [com.google.firebase:firebase-analytics:9.0.0] AndroidManifest.xml:21:5-67
MERGED from [com.google.firebase:firebase-analytics-impl:9.0.0] AndroidManifest.xml:21:5-67
MERGED from [com.google.firebase:firebase-iid:9.0.0] AndroidManifest.xml:21:5-67
MERGED from [com.google.android.gms:play-services-gcm:9.0.0] AndroidManifest.xml:22:5-67
MERGED from [com.google.android.gms:play-services-iid:9.0.0] AndroidManifest.xml:22:5-67
	android:name
		ADDED from src\main\AndroidManifest.xml:11:22-64
uses-permission#android.permission.ACCESS_NETWORK_STATE
ADDED from src\main\AndroidManifest.xml:12:5-78
MERGED from [com.google.firebase:firebase-analytics:9.0.0] AndroidManifest.xml:22:5-79
MERGED from [com.google.firebase:firebase-analytics-impl:9.0.0] AndroidManifest.xml:22:5-79
MERGED from [com.google.firebase:firebase-iid:9.0.0] AndroidManifest.xml:20:5-79
	android:name
		ADDED from src\main\AndroidManifest.xml:12:22-76
uses-permission#android.permission.WAKE_LOCK
ADDED from src\main\AndroidManifest.xml:13:5-67
MERGED from [com.google.firebase:firebase-analytics:9.0.0] AndroidManifest.xml:24:5-67
MERGED from [com.google.firebase:firebase-analytics-impl:9.0.0] AndroidManifest.xml:24:5-67
MERGED from [com.google.firebase:firebase-iid:9.0.0] AndroidManifest.xml:22:5-68
	android:name
		ADDED from src\main\AndroidManifest.xml:13:22-65
uses-permission#android.permission.RECEIVE_BOOT_COMPLETED
ADDED from src\main\AndroidManifest.xml:14:5-80
	android:name
		ADDED from src\main\AndroidManifest.xml:14:22-78
uses-permission#android.permission.VIBRATE
ADDED from src\main\AndroidManifest.xml:15:5-65
	android:name
		ADDED from src\main\AndroidManifest.xml:15:22-63
uses-permission#android.permission.NFC
ADDED from src\main\AndroidManifest.xml:16:5-61
	android:name
		ADDED from src\main\AndroidManifest.xml:16:22-59
uses-permission#android.permission.REQUEST_IGNORE_BATTERY_OPTIMIZATIONS
ADDED from src\main\AndroidManifest.xml:17:5-94
	android:name
		ADDED from src\main\AndroidManifest.xml:17:22-92
uses-permission#android.permission.READ_PHONE_STATE
ADDED from src\main\AndroidManifest.xml:19:5-21:30
	android:name
		ADDED from src\main\AndroidManifest.xml:20:9-59
	tools:node
		ADDED from src\main\AndroidManifest.xml:21:9-28
application
ADDED from src\main\AndroidManifest.xml:23:5-194:19
MERGED from src\main\AndroidManifest.xml:23:5-194:19
MERGED from [com.google.firebase:firebase-core:9.0.0] AndroidManifest.xml:5:5-20
MERGED from [com.google.firebase:firebase-analytics:9.0.0] AndroidManifest.xml:26:5-41:19
MERGED from [com.google.android.gms:play-services-basement:9.0.0] AndroidManifest.xml:20:5-24:19
MERGED from [com.android.support:support-v4:23.2.0] AndroidManifest.xml:22:5-20
MERGED from [com.google.firebase:firebase-common:9.0.0] AndroidManifest.xml:5:5-12:19
MERGED from [com.google.android.gms:play-services-basement:9.0.0] AndroidManifest.xml:20:5-24:19
MERGED from [com.android.support:support-v4:23.2.0] AndroidManifest.xml:22:5-20
MERGED from [com.google.android.gms:play-services-tasks:9.0.0] AndroidManifest.xml:5:5-20
MERGED from [com.google.android.gms:play-services-basement:9.0.0] AndroidManifest.xml:20:5-24:19
MERGED from [com.android.support:support-v4:23.2.0] AndroidManifest.xml:22:5-20
MERGED from [com.google.firebase:firebase-analytics-impl:9.0.0] AndroidManifest.xml:26:5-41:19
MERGED from [com.google.android.gms:play-services-base:9.0.0] AndroidManifest.xml:19:5-23:19
MERGED from [com.google.android.gms:play-services-basement:9.0.0] AndroidManifest.xml:20:5-24:19
MERGED from [com.android.support:support-v4:23.2.0] AndroidManifest.xml:22:5-20
MERGED from [com.google.firebase:firebase-common:9.0.0] AndroidManifest.xml:5:5-12:19
MERGED from [com.google.android.gms:play-services-basement:9.0.0] AndroidManifest.xml:20:5-24:19
MERGED from [com.android.support:support-v4:23.2.0] AndroidManifest.xml:22:5-20
MERGED from [com.google.android.gms:play-services-tasks:9.0.0] AndroidManifest.xml:5:5-20
MERGED from [com.google.android.gms:play-services-basement:9.0.0] AndroidManifest.xml:20:5-24:19
MERGED from [com.android.support:support-v4:23.2.0] AndroidManifest.xml:22:5-20
MERGED from [com.google.android.gms:play-services-tasks:9.0.0] AndroidManifest.xml:5:5-20
MERGED from [com.google.android.gms:play-services-basement:9.0.0] AndroidManifest.xml:20:5-24:19
MERGED from [com.android.support:support-v4:23.2.0] AndroidManifest.xml:22:5-20
MERGED from [com.google.android.gms:play-services-basement:9.0.0] AndroidManifest.xml:20:5-24:19
MERGED from [com.android.support:support-v4:23.2.0] AndroidManifest.xml:22:5-20
MERGED from [com.google.firebase:firebase-iid:9.0.0] AndroidManifest.xml:30:5-59:19
MERGED from [com.google.android.gms:play-services-basement:9.0.0] AndroidManifest.xml:20:5-24:19
MERGED from [com.android.support:support-v4:23.2.0] AndroidManifest.xml:22:5-20
MERGED from [com.google.firebase:firebase-common:9.0.0] AndroidManifest.xml:5:5-12:19
MERGED from [com.google.android.gms:play-services-basement:9.0.0] AndroidManifest.xml:20:5-24:19
MERGED from [com.android.support:support-v4:23.2.0] AndroidManifest.xml:22:5-20
MERGED from [com.google.android.gms:play-services-tasks:9.0.0] AndroidManifest.xml:5:5-20
MERGED from [com.google.android.gms:play-services-basement:9.0.0] AndroidManifest.xml:20:5-24:19
MERGED from [com.android.support:support-v4:23.2.0] AndroidManifest.xml:22:5-20
MERGED from [com.google.firebase:firebase-common:9.0.0] AndroidManifest.xml:5:5-12:19
MERGED from [com.google.android.gms:play-services-basement:9.0.0] AndroidManifest.xml:20:5-24:19
MERGED from [com.android.support:support-v4:23.2.0] AndroidManifest.xml:22:5-20
MERGED from [com.google.android.gms:play-services-tasks:9.0.0] AndroidManifest.xml:5:5-20
MERGED from [com.google.android.gms:play-services-basement:9.0.0] AndroidManifest.xml:20:5-24:19
MERGED from [com.android.support:support-v4:23.2.0] AndroidManifest.xml:22:5-20
MERGED from [TenguChat.libs:MemorizingTrustManager:unspecified] AndroidManifest.xml:11:5-15:19
MERGED from [org.sufficientlysecure:openpgp-api:10.0] AndroidManifest.xml:11:5-20
MERGED from [com.android.support:support-v13:23.2.0] AndroidManifest.xml:22:5-20
MERGED from [com.android.support:support-v4:23.2.0] AndroidManifest.xml:22:5-20
MERGED from [de.timroes.android:EnhancedListView:0.3.4] AndroidManifest.xml:12:5-13:19
MERGED from [com.android.support:support-v4:23.2.0] AndroidManifest.xml:22:5-20
MERGED from [com.kyleduo.switchbutton:library:1.2.8] AndroidManifest.xml:11:5-14:19
MERGED from [com.android.support:appcompat-v7:21.0.3] AndroidManifest.xml:16:5-19
MERGED from [com.android.support:support-v4:23.2.0] AndroidManifest.xml:22:5-20
MERGED from [org.whispersystems:curve25519-android:0.2.4] AndroidManifest.xml:5:5-20
MERGED from [com.google.android.gms:play-services-gcm:9.0.0] AndroidManifest.xml:24:5-20
MERGED from [com.google.android.gms:play-services-base:9.0.0] AndroidManifest.xml:19:5-23:19
MERGED from [com.google.android.gms:play-services-basement:9.0.0] AndroidManifest.xml:20:5-24:19
MERGED from [com.android.support:support-v4:23.2.0] AndroidManifest.xml:22:5-20
MERGED from [com.google.firebase:firebase-common:9.0.0] AndroidManifest.xml:5:5-12:19
MERGED from [com.google.android.gms:play-services-basement:9.0.0] AndroidManifest.xml:20:5-24:19
MERGED from [com.android.support:support-v4:23.2.0] AndroidManifest.xml:22:5-20
MERGED from [com.google.android.gms:play-services-tasks:9.0.0] AndroidManifest.xml:5:5-20
MERGED from [com.google.android.gms:play-services-basement:9.0.0] AndroidManifest.xml:20:5-24:19
MERGED from [com.android.support:support-v4:23.2.0] AndroidManifest.xml:22:5-20
MERGED from [com.google.android.gms:play-services-tasks:9.0.0] AndroidManifest.xml:5:5-20
MERGED from [com.google.android.gms:play-services-basement:9.0.0] AndroidManifest.xml:20:5-24:19
MERGED from [com.android.support:support-v4:23.2.0] AndroidManifest.xml:22:5-20
MERGED from [com.google.android.gms:play-services-basement:9.0.0] AndroidManifest.xml:20:5-24:19
MERGED from [com.android.support:support-v4:23.2.0] AndroidManifest.xml:22:5-20
MERGED from [com.google.android.gms:play-services-iid:9.0.0] AndroidManifest.xml:24:5-20
MERGED from [com.google.android.gms:play-services-base:9.0.0] AndroidManifest.xml:19:5-23:19
MERGED from [com.google.android.gms:play-services-basement:9.0.0] AndroidManifest.xml:20:5-24:19
MERGED from [com.android.support:support-v4:23.2.0] AndroidManifest.xml:22:5-20
MERGED from [com.google.firebase:firebase-common:9.0.0] AndroidManifest.xml:5:5-12:19
MERGED from [com.google.android.gms:play-services-basement:9.0.0] AndroidManifest.xml:20:5-24:19
MERGED from [com.android.support:support-v4:23.2.0] AndroidManifest.xml:22:5-20
MERGED from [com.google.android.gms:play-services-tasks:9.0.0] AndroidManifest.xml:5:5-20
MERGED from [com.google.android.gms:play-services-basement:9.0.0] AndroidManifest.xml:20:5-24:19
MERGED from [com.android.support:support-v4:23.2.0] AndroidManifest.xml:22:5-20
MERGED from [com.google.android.gms:play-services-tasks:9.0.0] AndroidManifest.xml:5:5-20
MERGED from [com.google.android.gms:play-services-basement:9.0.0] AndroidManifest.xml:20:5-24:19
MERGED from [com.android.support:support-v4:23.2.0] AndroidManifest.xml:22:5-20
MERGED from [com.google.android.gms:play-services-basement:9.0.0] AndroidManifest.xml:20:5-24:19
MERGED from [com.android.support:support-v4:23.2.0] AndroidManifest.xml:22:5-20
	android:label
		ADDED from src\main\AndroidManifest.xml:26:9-41
		ADDED from src\main\AndroidManifest.xml:26:9-41
		REJECTED from [TenguChat.libs:MemorizingTrustManager:unspecified] AndroidManifest.xml:11:18-56
		REJECTED from [com.kyleduo.switchbutton:library:1.2.8] AndroidManifest.xml:13:9-41
	android:allowBackup
		ADDED from src\main\AndroidManifest.xml:24:9-35
		ADDED from src\main\AndroidManifest.xml:24:9-35
	android:icon
		ADDED from src\main\AndroidManifest.xml:25:9-45
		ADDED from src\main\AndroidManifest.xml:25:9-45
	android:theme
		ADDED from src\main\AndroidManifest.xml:27:9-50
		ADDED from src\main\AndroidManifest.xml:27:9-50
	tools:replace
		ADDED from src\main\AndroidManifest.xml:28:9-38
		ADDED from src\main\AndroidManifest.xml:28:9-38
service#de.tengu.chat.services.XmppConnectionService
ADDED from src\main\AndroidManifest.xml:29:9-66
	android:name
		ADDED from src\main\AndroidManifest.xml:29:18-64
receiver#de.tengu.chat.services.EventReceiver
ADDED from src\main\AndroidManifest.xml:31:9-38:20
	android:name
		ADDED from src\main\AndroidManifest.xml:31:19-57
intent-filter#android.intent.action.ACTION_SHUTDOWN+android.intent.action.BOOT_COMPLETED+android.media.RINGER_MODE_CHANGED+android.net.conn.CONNECTIVITY_CHANGE
ADDED from src\main\AndroidManifest.xml:32:13-37:29
action#android.intent.action.BOOT_COMPLETED
ADDED from src\main\AndroidManifest.xml:33:17-78
	android:name
		ADDED from src\main\AndroidManifest.xml:33:25-76
action#android.net.conn.CONNECTIVITY_CHANGE
ADDED from src\main\AndroidManifest.xml:34:17-78
	android:name
		ADDED from src\main\AndroidManifest.xml:34:25-76
action#android.intent.action.ACTION_SHUTDOWN
ADDED from src\main\AndroidManifest.xml:35:17-79
	android:name
		ADDED from src\main\AndroidManifest.xml:35:25-77
action#android.media.RINGER_MODE_CHANGED
ADDED from src\main\AndroidManifest.xml:36:17-75
	android:name
		ADDED from src\main\AndroidManifest.xml:36:25-73
activity#de.tengu.chat.ui.ConversationActivity
ADDED from src\main\AndroidManifest.xml:40:9-50:20
	android:windowSoftInputMode
		ADDED from src\main\AndroidManifest.xml:44:13-54
	android:label
		ADDED from src\main\AndroidManifest.xml:42:13-45
	android:name
		ADDED from src\main\AndroidManifest.xml:41:13-52
	android:launchMode
		ADDED from src\main\AndroidManifest.xml:43:13-44
intent-filter#android.intent.action.MAIN+android.intent.category.LAUNCHER
ADDED from src\main\AndroidManifest.xml:45:13-49:29
action#android.intent.action.MAIN
ADDED from src\main\AndroidManifest.xml:46:17-68
	android:name
		ADDED from src\main\AndroidManifest.xml:46:25-66
category#android.intent.category.LAUNCHER
ADDED from src\main\AndroidManifest.xml:48:17-76
	android:name
		ADDED from src\main\AndroidManifest.xml:48:27-74
activity#de.tengu.chat.ui.StartConversationActivity
ADDED from src\main\AndroidManifest.xml:51:9-89:20
	android:label
		ADDED from src\main\AndroidManifest.xml:54:13-70
	android:configChanges
		ADDED from src\main\AndroidManifest.xml:53:13-59
	android:name
		ADDED from src\main\AndroidManifest.xml:52:13-57
	android:launchMode
		ADDED from src\main\AndroidManifest.xml:55:13-44
intent-filter#android.intent.action.SENDTO+android.intent.category.DEFAULT
ADDED from src\main\AndroidManifest.xml:56:13-63:29
action#android.intent.action.SENDTO
ADDED from src\main\AndroidManifest.xml:57:17-70
	android:name
		ADDED from src\main\AndroidManifest.xml:57:25-68
category#android.intent.category.DEFAULT
ADDED from src\main\AndroidManifest.xml:59:17-75
	android:name
		ADDED from src\main\AndroidManifest.xml:59:27-73
data
ADDED from src\main\AndroidManifest.xml:61:17-46
	android:scheme
		ADDED from src\main\AndroidManifest.xml:61:23-44
intent-filter#android.intent.action.VIEW+android.intent.category.BROWSABLE+android.intent.category.DEFAULT
ADDED from src\main\AndroidManifest.xml:64:13-71:29
action#android.intent.action.VIEW
ADDED from src\main\AndroidManifest.xml:65:17-68
	android:name
		ADDED from src\main\AndroidManifest.xml:65:25-66
category#android.intent.category.BROWSABLE
ADDED from src\main\AndroidManifest.xml:68:17-77
	android:name
		ADDED from src\main\AndroidManifest.xml:68:27-75
intent-filter#android.intent.category.DEFAULT+android.nfc.action.NDEF_DISCOVERED
ADDED from src\main\AndroidManifest.xml:72:13-78:29
action#android.nfc.action.NDEF_DISCOVERED
ADDED from src\main\AndroidManifest.xml:73:17-76
	android:name
		ADDED from src\main\AndroidManifest.xml:73:25-74
activity#de.tengu.chat.ui.WelcomeActivity
ADDED from src\main\AndroidManifest.xml:90:9-94:46
	android:screenOrientation
		ADDED from src\main\AndroidManifest.xml:93:13-49
	android:label
		ADDED from src\main\AndroidManifest.xml:92:13-45
	android:name
		ADDED from src\main\AndroidManifest.xml:91:13-47
	android:launchMode
		ADDED from src\main\AndroidManifest.xml:94:13-44
activity#de.tengu.chat.ui.MagicCreateActivity
ADDED from src\main\AndroidManifest.xml:95:9-99:46
	android:screenOrientation
		ADDED from src\main\AndroidManifest.xml:98:13-49
	android:label
		ADDED from src\main\AndroidManifest.xml:97:13-51
	android:name
		ADDED from src\main\AndroidManifest.xml:96:13-51
	android:launchMode
		ADDED from src\main\AndroidManifest.xml:99:13-44
activity#de.tengu.chat.ui.SetPresenceActivity
ADDED from src\main\AndroidManifest.xml:100:9-105:46
	android:windowSoftInputMode
		ADDED from src\main\AndroidManifest.xml:104:13-67
	android:label
		ADDED from src\main\AndroidManifest.xml:102:13-52
	android:configChanges
		ADDED from src\main\AndroidManifest.xml:103:13-59
	android:name
		ADDED from src\main\AndroidManifest.xml:101:13-51
	android:launchMode
		ADDED from src\main\AndroidManifest.xml:105:13-44
activity#de.tengu.chat.ui.SettingsActivity
ADDED from src\main\AndroidManifest.xml:106:9-108:62
	android:label
		ADDED from src\main\AndroidManifest.xml:108:13-60
	android:name
		ADDED from src\main\AndroidManifest.xml:107:13-48
activity#de.tengu.chat.ui.ChooseContactActivity
ADDED from src\main\AndroidManifest.xml:109:9-111:68
	android:label
		ADDED from src\main\AndroidManifest.xml:111:13-66
	android:name
		ADDED from src\main\AndroidManifest.xml:110:13-53
activity#de.tengu.chat.ui.BlocklistActivity
ADDED from src\main\AndroidManifest.xml:112:9-114:64
	android:label
		ADDED from src\main\AndroidManifest.xml:114:13-62
	android:name
		ADDED from src\main\AndroidManifest.xml:113:13-49
activity#de.tengu.chat.ui.ChangePasswordActivity
ADDED from src\main\AndroidManifest.xml:115:9-117:64
	android:label
		ADDED from src\main\AndroidManifest.xml:117:13-62
	android:name
		ADDED from src\main\AndroidManifest.xml:116:13-54
activity#de.tengu.chat.ui.ManageAccountActivity
ADDED from src\main\AndroidManifest.xml:118:9-121:46
	android:label
		ADDED from src\main\AndroidManifest.xml:120:13-67
	android:name
		ADDED from src\main\AndroidManifest.xml:119:13-53
	android:launchMode
		ADDED from src\main\AndroidManifest.xml:121:13-44
activity#de.tengu.chat.ui.EditAccountActivity
ADDED from src\main\AndroidManifest.xml:122:9-125:69
	android:windowSoftInputMode
		ADDED from src\main\AndroidManifest.xml:125:13-67
	android:name
		ADDED from src\main\AndroidManifest.xml:123:13-51
	android:launchMode
		ADDED from src\main\AndroidManifest.xml:124:13-44
activity#de.tengu.chat.ui.ConferenceDetailsActivity
ADDED from src\main\AndroidManifest.xml:126:9-129:56
	android:windowSoftInputMode
		ADDED from src\main\AndroidManifest.xml:129:13-54
	android:label
		ADDED from src\main\AndroidManifest.xml:128:13-70
	android:name
		ADDED from src\main\AndroidManifest.xml:127:13-57
activity#de.tengu.chat.ui.ContactDetailsActivity
ADDED from src\main\AndroidManifest.xml:130:9-133:56
	android:windowSoftInputMode
		ADDED from src\main\AndroidManifest.xml:133:13-54
	android:label
		ADDED from src\main\AndroidManifest.xml:132:13-67
	android:name
		ADDED from src\main\AndroidManifest.xml:131:13-54
activity#de.tengu.chat.ui.PublishProfilePictureActivity
ADDED from src\main\AndroidManifest.xml:134:9-137:56
	android:windowSoftInputMode
		ADDED from src\main\AndroidManifest.xml:137:13-54
	android:label
		ADDED from src\main\AndroidManifest.xml:136:13-64
	android:name
		ADDED from src\main\AndroidManifest.xml:135:13-61
activity#de.tengu.chat.ui.VerifyOTRActivity
ADDED from src\main\AndroidManifest.xml:138:9-141:56
	android:windowSoftInputMode
		ADDED from src\main\AndroidManifest.xml:141:13-54
	android:label
		ADDED from src\main\AndroidManifest.xml:140:13-47
	android:name
		ADDED from src\main\AndroidManifest.xml:139:13-49
activity#de.tengu.chat.ui.ShareWithActivity
ADDED from src\main\AndroidManifest.xml:142:9-169:20
	android:label
		ADDED from src\main\AndroidManifest.xml:144:13-45
	android:name
		ADDED from src\main\AndroidManifest.xml:143:13-49
intent-filter#android.intent.action.SEND+android.intent.category.DEFAULT
ADDED from src\main\AndroidManifest.xml:145:13-151:29
action#android.intent.action.SEND
ADDED from src\main\AndroidManifest.xml:146:17-68
	android:name
		ADDED from src\main\AndroidManifest.xml:146:25-66
intent-filter#android.intent.action.SEND_MULTIPLE+android.intent.category.DEFAULT
ADDED from src\main\AndroidManifest.xml:159:13-165:29
action#android.intent.action.SEND_MULTIPLE
ADDED from src\main\AndroidManifest.xml:160:17-77
	android:name
		ADDED from src\main\AndroidManifest.xml:160:25-75
meta-data#android.service.chooser.chooser_target_service
ADDED from src\main\AndroidManifest.xml:166:13-168:72
	android:name
		ADDED from src\main\AndroidManifest.xml:167:17-78
	android:value
		ADDED from src\main\AndroidManifest.xml:168:17-70
activity#de.tengu.chat.ui.TrustKeysActivity
ADDED from src\main\AndroidManifest.xml:170:9-173:62
	android:windowSoftInputMode
		ADDED from src\main\AndroidManifest.xml:173:13-60
	android:label
		ADDED from src\main\AndroidManifest.xml:172:13-61
	android:name
		ADDED from src\main\AndroidManifest.xml:171:13-49
activity#de.duenndns.ssl.MemorizingActivity
ADDED from src\main\AndroidManifest.xml:174:9-177:44
MERGED from [TenguChat.libs:MemorizingTrustManager:unspecified] AndroidManifest.xml:12:9-14:75
	android:theme
		ADDED from src\main\AndroidManifest.xml:176:13-54
		REJECTED from [TenguChat.libs:MemorizingTrustManager:unspecified] AndroidManifest.xml:14:13-72
	tools:replace
		ADDED from src\main\AndroidManifest.xml:177:13-42
	android:name
		ADDED from src\main\AndroidManifest.xml:175:13-62
activity#de.tengu.chat.ui.AboutActivity
ADDED from src\main\AndroidManifest.xml:178:9-185:20
	android:label
		ADDED from src\main\AndroidManifest.xml:180:13-57
	android:parentActivityName
		ADDED from src\main\AndroidManifest.xml:181:13-62
	android:name
		ADDED from src\main\AndroidManifest.xml:179:13-45
meta-data#android.support.PARENT_ACTIVITY
ADDED from src\main\AndroidManifest.xml:182:13-184:68
	android:name
		ADDED from src\main\AndroidManifest.xml:183:17-63
	android:value
		ADDED from src\main\AndroidManifest.xml:184:17-66
activity#com.soundcloud.android.crop.CropImageActivity
ADDED from src\main\AndroidManifest.xml:186:9-81
	android:name
		ADDED from src\main\AndroidManifest.xml:186:19-79
service#de.tengu.chat.services.ExportLogsService
ADDED from src\main\AndroidManifest.xml:187:9-62
	android:name
		ADDED from src\main\AndroidManifest.xml:187:18-60
service#de.tengu.chat.services.ContactChooserTargetService
ADDED from src\main\AndroidManifest.xml:188:9-193:19
	android:permission
		ADDED from src\main\AndroidManifest.xml:189:18-85
	android:name
		ADDED from src\main\AndroidManifest.xml:188:18-70
intent-filter#android.service.chooser.ChooserTargetService
ADDED from src\main\AndroidManifest.xml:190:13-192:29
action#android.service.chooser.ChooserTargetService
ADDED from src\main\AndroidManifest.xml:191:17-86
	android:name
		ADDED from src\main\AndroidManifest.xml:191:25-84
uses-sdk
INJECTED from src\main\AndroidManifest.xml reason: use-sdk injection requested
MERGED from [com.google.firebase:firebase-core:9.0.0] AndroidManifest.xml:4:5-42
MERGED from [com.google.firebase:firebase-analytics:9.0.0] AndroidManifest.xml:18:5-42
MERGED from [com.google.android.gms:play-services-basement:9.0.0] AndroidManifest.xml:18:5-42
MERGED from [com.android.support:support-v4:23.2.0] AndroidManifest.xml:20:5-43
MERGED from [com.google.firebase:firebase-common:9.0.0] AndroidManifest.xml:4:5-43
MERGED from [com.google.android.gms:play-services-basement:9.0.0] AndroidManifest.xml:18:5-42
MERGED from [com.android.support:support-v4:23.2.0] AndroidManifest.xml:20:5-43
MERGED from [com.google.android.gms:play-services-tasks:9.0.0] AndroidManifest.xml:4:5-43
MERGED from [com.google.android.gms:play-services-basement:9.0.0] AndroidManifest.xml:18:5-42
MERGED from [com.android.support:support-v4:23.2.0] AndroidManifest.xml:20:5-43
MERGED from [com.google.firebase:firebase-analytics-impl:9.0.0] AndroidManifest.xml:18:5-42
MERGED from [com.google.android.gms:play-services-base:9.0.0] AndroidManifest.xml:18:5-42
MERGED from [com.google.android.gms:play-services-basement:9.0.0] AndroidManifest.xml:18:5-42
MERGED from [com.android.support:support-v4:23.2.0] AndroidManifest.xml:20:5-43
MERGED from [com.google.firebase:firebase-common:9.0.0] AndroidManifest.xml:4:5-43
MERGED from [com.google.android.gms:play-services-basement:9.0.0] AndroidManifest.xml:18:5-42
MERGED from [com.android.support:support-v4:23.2.0] AndroidManifest.xml:20:5-43
MERGED from [com.google.android.gms:play-services-tasks:9.0.0] AndroidManifest.xml:4:5-43
MERGED from [com.google.android.gms:play-services-basement:9.0.0] AndroidManifest.xml:18:5-42
MERGED from [com.android.support:support-v4:23.2.0] AndroidManifest.xml:20:5-43
MERGED from [com.google.android.gms:play-services-tasks:9.0.0] AndroidManifest.xml:4:5-43
MERGED from [com.google.android.gms:play-services-basement:9.0.0] AndroidManifest.xml:18:5-42
MERGED from [com.android.support:support-v4:23.2.0] AndroidManifest.xml:20:5-43
MERGED from [com.google.android.gms:play-services-basement:9.0.0] AndroidManifest.xml:18:5-42
MERGED from [com.android.support:support-v4:23.2.0] AndroidManifest.xml:20:5-43
MERGED from [com.google.firebase:firebase-iid:9.0.0] AndroidManifest.xml:18:5-42
MERGED from [com.google.android.gms:play-services-basement:9.0.0] AndroidManifest.xml:18:5-42
MERGED from [com.android.support:support-v4:23.2.0] AndroidManifest.xml:20:5-43
MERGED from [com.google.firebase:firebase-common:9.0.0] AndroidManifest.xml:4:5-43
MERGED from [com.google.android.gms:play-services-basement:9.0.0] AndroidManifest.xml:18:5-42
MERGED from [com.android.support:support-v4:23.2.0] AndroidManifest.xml:20:5-43
MERGED from [com.google.android.gms:play-services-tasks:9.0.0] AndroidManifest.xml:4:5-43
MERGED from [com.google.android.gms:play-services-basement:9.0.0] AndroidManifest.xml:18:5-42
MERGED from [com.android.support:support-v4:23.2.0] AndroidManifest.xml:20:5-43
MERGED from [com.google.firebase:firebase-common:9.0.0] AndroidManifest.xml:4:5-43
MERGED from [com.google.android.gms:play-services-basement:9.0.0] AndroidManifest.xml:18:5-42
MERGED from [com.android.support:support-v4:23.2.0] AndroidManifest.xml:20:5-43
MERGED from [com.google.android.gms:play-services-tasks:9.0.0] AndroidManifest.xml:4:5-43
MERGED from [com.google.android.gms:play-services-basement:9.0.0] AndroidManifest.xml:18:5-42
MERGED from [com.android.support:support-v4:23.2.0] AndroidManifest.xml:20:5-43
MERGED from [TenguChat.libs:MemorizingTrustManager:unspecified] AndroidManifest.xml:7:5-9:41
MERGED from [org.sufficientlysecure:openpgp-api:10.0] AndroidManifest.xml:7:5-9:41
MERGED from [com.soundcloud.android:android-crop:1.0.1] AndroidManifest.xml:6:5-8:41
MERGED from [com.android.support:support-v13:23.2.0] AndroidManifest.xml:20:5-44
MERGED from [com.android.support:support-v4:23.2.0] AndroidManifest.xml:20:5-43
MERGED from [de.timroes.android:EnhancedListView:0.3.4] AndroidManifest.xml:8:5-10:41
MERGED from [com.android.support:support-v4:23.2.0] AndroidManifest.xml:20:5-43
MERGED from [me.leolin:ShortcutBadger:1.1.4] AndroidManifest.xml:7:5-9:41
MERGED from [com.kyleduo.switchbutton:library:1.2.8] AndroidManifest.xml:7:5-9:41
MERGED from [com.android.support:appcompat-v7:21.0.3] AndroidManifest.xml:15:5-42
MERGED from [com.android.support:support-v4:23.2.0] AndroidManifest.xml:20:5-43
MERGED from [com.makeramen:roundedimageview:2.2.0] AndroidManifest.xml:7:5-9:41
MERGED from [com.google.android.gms:play-services-gcm:9.0.0] AndroidManifest.xml:18:5-42
MERGED from [com.google.android.gms:play-services-base:9.0.0] AndroidManifest.xml:18:5-42
MERGED from [com.google.android.gms:play-services-basement:9.0.0] AndroidManifest.xml:18:5-42
MERGED from [com.android.support:support-v4:23.2.0] AndroidManifest.xml:20:5-43
MERGED from [com.google.firebase:firebase-common:9.0.0] AndroidManifest.xml:4:5-43
MERGED from [com.google.android.gms:play-services-basement:9.0.0] AndroidManifest.xml:18:5-42
MERGED from [com.android.support:support-v4:23.2.0] AndroidManifest.xml:20:5-43
MERGED from [com.google.android.gms:play-services-tasks:9.0.0] AndroidManifest.xml:4:5-43
MERGED from [com.google.android.gms:play-services-basement:9.0.0] AndroidManifest.xml:18:5-42
MERGED from [com.android.support:support-v4:23.2.0] AndroidManifest.xml:20:5-43
MERGED from [com.google.android.gms:play-services-tasks:9.0.0] AndroidManifest.xml:4:5-43
MERGED from [com.google.android.gms:play-services-basement:9.0.0] AndroidManifest.xml:18:5-42
MERGED from [com.android.support:support-v4:23.2.0] AndroidManifest.xml:20:5-43
MERGED from [com.google.android.gms:play-services-basement:9.0.0] AndroidManifest.xml:18:5-42
MERGED from [com.android.support:support-v4:23.2.0] AndroidManifest.xml:20:5-43
MERGED from [com.google.android.gms:play-services-iid:9.0.0] AndroidManifest.xml:18:5-42
MERGED from [com.google.android.gms:play-services-base:9.0.0] AndroidManifest.xml:18:5-42
MERGED from [com.google.android.gms:play-services-basement:9.0.0] AndroidManifest.xml:18:5-42
MERGED from [com.android.support:support-v4:23.2.0] AndroidManifest.xml:20:5-43
MERGED from [com.google.firebase:firebase-common:9.0.0] AndroidManifest.xml:4:5-43
MERGED from [com.google.android.gms:play-services-basement:9.0.0] AndroidManifest.xml:18:5-42
MERGED from [com.android.support:support-v4:23.2.0] AndroidManifest.xml:20:5-43
MERGED from [com.google.android.gms:play-services-tasks:9.0.0] AndroidManifest.xml:4:5-43
MERGED from [com.google.android.gms:play-services-basement:9.0.0] AndroidManifest.xml:18:5-42
MERGED from [com.android.support:support-v4:23.2.0] AndroidManifest.xml:20:5-43
MERGED from [com.google.android.gms:play-services-tasks:9.0.0] AndroidManifest.xml:4:5-43
MERGED from [com.google.android.gms:play-services-basement:9.0.0] AndroidManifest.xml:18:5-42
MERGED from [com.android.support:support-v4:23.2.0] AndroidManifest.xml:20:5-43
MERGED from [com.google.android.gms:play-services-basement:9.0.0] AndroidManifest.xml:18:5-42
MERGED from [com.android.support:support-v4:23.2.0] AndroidManifest.xml:20:5-43
	android:targetSdkVersion
		INJECTED from src\main\AndroidManifest.xml
		INJECTED from src\playstore\AndroidManifest.xml
	android:minSdkVersion
		INJECTED from src\main\AndroidManifest.xml